torch 2.12.0+cu130 cuda True NVIDIA A100 80GB PCIe
Found 30 geometries under /scratch/plens/FRML/data/aircraft
  skip (cached): 1__Mach02.00_Alpha00.00_Beta00.00.npz
  skip (cached): 1__Mach07.00_Alpha00.00_Beta00.00.npz
  skip (cached): 1__Mach07.00_Alpha00.00_Beta02.00.npz
  skip (cached): 1__Mach07.00_Alpha07.00_Beta00.00.npz
  skip (cached): 1__Mach07.00_Alpha07.00_Beta02.00.npz
  skip (cached): 11__Mach02.00_Alpha00.00_Beta00.00.npz
  skip (cached): 11__Mach07.00_Alpha00.00_Beta00.00.npz
  skip (cached): 11__Mach07.00_Alpha00.00_Beta02.00.npz
  skip (cached): 11__Mach07.00_Alpha07.00_Beta00.00.npz
  skip (cached): 11__Mach07.00_Alpha07.00_Beta02.00.npz
  skip (cached): 12__Mach02.00_Alpha00.00_Beta00.00.npz
  skip (cached): 12__Mach07.00_Alpha00.00_Beta00.00.npz
  skip (cached): 12__Mach07.00_Alpha00.00_Beta02.00.npz
  skip (cached): 12__Mach07.00_Alpha07.00_Beta00.00.npz
  skip (cached): 12__Mach07.00_Alpha07.00_Beta02.00.npz
  skip (cached): 13__Mach02.00_Alpha00.00_Beta00.00.npz
  skip (cached): 13__Mach07.00_Alpha00.00_Beta00.00.npz
  skip (cached): 13__Mach07.00_Alpha00.00_Beta02.00.npz
  skip (cached): 13__Mach07.00_Alpha07.00_Beta00.00.npz
  skip (cached): 13__Mach07.00_Alpha07.00_Beta02.00.npz
  skip (cached): 2__Mach02.00_Alpha00.00_Beta00.00.npz
  skip (cached): 2__Mach07.00_Alpha00.00_Beta00.00.npz
  skip (cached): 2__Mach07.00_Alpha00.00_Beta02.00.npz
  skip (cached): 2__Mach07.00_Alpha07.00_Beta00.00.npz
  skip (cached): 2__Mach07.00_Alpha07.00_Beta02.00.npz
  skip (cached): 21__Mach02.00_Alpha00.00_Beta00.00.npz
  skip (cached): 21__Mach07.00_Alpha00.00_Beta00.00.npz
  skip (cached): 21__Mach07.00_Alpha00.00_Beta02.00.npz
  skip (cached): 21__Mach07.00_Alpha07.00_Beta00.00.npz
  skip (cached): 21__Mach07.00_Alpha07.00_Beta02.00.npz
  skip (cached): 22__Mach02.00_Alpha00.00_Beta00.00.npz
  skip (cached): 22__Mach07.00_Alpha00.00_Beta00.00.npz
  skip (cached): 22__Mach07.00_Alpha00.00_Beta02.00.npz
  skip (cached): 22__Mach07.00_Alpha07.00_Beta00.00.npz
  skip (cached): 22__Mach07.00_Alpha07.00_Beta02.00.npz
  skip (cached): 23__Mach02.00_Alpha00.00_Beta00.00.npz
  skip (cached): 23__Mach07.00_Alpha00.00_Beta00.00.npz
  skip (cached): 23__Mach07.00_Alpha00.00_Beta02.00.npz
  skip (cached): 23__Mach07.00_Alpha07.00_Beta00.00.npz
  skip (cached): 23__Mach07.00_Alpha07.00_Beta02.00.npz
  skip (cached): 3__Mach02.00_Alpha00.00_Beta00.00.npz
  skip (cached): 3__Mach07.00_Alpha00.00_Beta00.00.npz
  skip (cached): 3__Mach07.00_Alpha00.00_Beta02.00.npz
  skip (cached): 3__Mach07.00_Alpha07.00_Beta00.00.npz
  skip (cached): 3__Mach07.00_Alpha07.00_Beta02.00.npz
  skip (cached): 31__Mach02.00_Alpha00.00_Beta00.00.npz
  skip (cached): 31__Mach07.00_Alpha00.00_Beta00.00.npz
  skip (cached): 31__Mach07.00_Alpha00.00_Beta02.00.npz
  skip (cached): 31__Mach07.00_Alpha07.00_Beta00.00.npz
  skip (cached): 31__Mach07.00_Alpha07.00_Beta02.00.npz
  skip (cached): 32__Mach02.00_Alpha00.00_Beta00.00.npz
  skip (cached): 32__Mach07.00_Alpha00.00_Beta00.00.npz
  skip (cached): 32__Mach07.00_Alpha00.00_Beta02.00.npz
  skip (cached): 32__Mach07.00_Alpha07.00_Beta00.00.npz
  skip (cached): 32__Mach07.00_Alpha07.00_Beta02.00.npz
  skip (cached): 33__Mach02.00_Alpha00.00_Beta00.00.npz
  skip (cached): 33__Mach07.00_Alpha00.00_Beta00.00.npz
  skip (cached): 33__Mach07.00_Alpha00.00_Beta02.00.npz
  skip (cached): 33__Mach07.00_Alpha07.00_Beta00.00.npz
  skip (cached): 33__Mach07.00_Alpha07.00_Beta02.00.npz
  skip (cached): 41__Mach02.00_Alpha00.00_Beta00.00.npz
  skip (cached): 41__Mach07.00_Alpha00.00_Beta00.00.npz
  skip (cached): 41__Mach07.00_Alpha00.00_Beta02.00.npz
  skip (cached): 41__Mach07.00_Alpha07.00_Beta00.00.npz
  skip (cached): 41__Mach07.00_Alpha07.00_Beta02.00.npz
  skip (cached): 42__Mach02.00_Alpha00.00_Beta00.00.npz
  skip (cached): 42__Mach07.00_Alpha00.00_Beta00.00.npz
  skip (cached): 42__Mach07.00_Alpha00.00_Beta02.00.npz
  skip (cached): 42__Mach07.00_Alpha07.00_Beta00.00.npz
  skip (cached): 42__Mach07.00_Alpha07.00_Beta02.00.npz
  skip (cached): 43__Mach02.00_Alpha00.00_Beta00.00.npz
  skip (cached): 43__Mach07.00_Alpha00.00_Beta00.00.npz
  skip (cached): 43__Mach07.00_Alpha00.00_Beta02.00.npz
  skip (cached): 43__Mach07.00_Alpha07.00_Beta00.00.npz
  skip (cached): 43__Mach07.00_Alpha07.00_Beta02.00.npz
  skip (cached): 51__Mach02.00_Alpha00.00_Beta00.00.npz
  skip (cached): 51__Mach07.00_Alpha00.00_Beta00.00.npz
  skip (cached): 51__Mach07.00_Alpha00.00_Beta02.00.npz
  skip (cached): 51__Mach07.00_Alpha07.00_Beta00.00.npz
  skip (cached): 51__Mach07.00_Alpha07.00_Beta02.00.npz
  skip (cached): 52__Mach02.00_Alpha00.00_Beta00.00.npz
  skip (cached): 52__Mach07.00_Alpha00.00_Beta00.00.npz
  skip (cached): 52__Mach07.00_Alpha00.00_Beta02.00.npz
  skip (cached): 52__Mach07.00_Alpha07.00_Beta00.00.npz
  skip (cached): 52__Mach07.00_Alpha07.00_Beta02.00.npz
  skip (cached): 53__Mach02.00_Alpha00.00_Beta00.00.npz
  skip (cached): 53__Mach07.00_Alpha00.00_Beta00.00.npz
  skip (cached): 53__Mach07.00_Alpha00.00_Beta02.00.npz
  skip (cached): 53__Mach07.00_Alpha07.00_Beta00.00.npz
  skip (cached): 53__Mach07.00_Alpha07.00_Beta02.00.npz
  skip (cached): 61__Mach02.00_Alpha00.00_Beta00.00.npz
  skip (cached): 61__Mach07.00_Alpha00.00_Beta00.00.npz
  skip (cached): 61__Mach07.00_Alpha00.00_Beta02.00.npz
  skip (cached): 61__Mach07.00_Alpha07.00_Beta00.00.npz
  skip (cached): 61__Mach07.00_Alpha07.00_Beta02.00.npz
  skip (cached): 62__Mach02.00_Alpha00.00_Beta00.00.npz
  skip (cached): 62__Mach07.00_Alpha00.00_Beta00.00.npz
  skip (cached): 62__Mach07.00_Alpha00.00_Beta02.00.npz
  skip (cached): 62__Mach07.00_Alpha07.00_Beta00.00.npz
  skip (cached): 62__Mach07.00_Alpha07.00_Beta02.00.npz
  skip (cached): 63__Mach02.00_Alpha00.00_Beta00.00.npz
  skip (cached): 63__Mach07.00_Alpha00.00_Beta00.00.npz
  skip (cached): 63__Mach07.00_Alpha00.00_Beta02.00.npz
  skip (cached): 63__Mach07.00_Alpha07.00_Beta00.00.npz
  skip (cached): 63__Mach07.00_Alpha07.00_Beta02.00.npz
  skip (cached): 71__Mach02.00_Alpha00.00_Beta00.00.npz
  skip (cached): 71__Mach07.00_Alpha00.00_Beta00.00.npz
  skip (cached): 71__Mach07.00_Alpha00.00_Beta02.00.npz
  skip (cached): 71__Mach07.00_Alpha07.00_Beta00.00.npz
  skip (cached): 71__Mach07.00_Alpha07.00_Beta02.00.npz
  skip (cached): 72__Mach02.00_Alpha00.00_Beta00.00.npz
  skip (cached): 72__Mach07.00_Alpha00.00_Beta00.00.npz
  skip (cached): 72__Mach07.00_Alpha00.00_Beta02.00.npz
  skip (cached): 72__Mach07.00_Alpha07.00_Beta00.00.npz
  skip (cached): 72__Mach07.00_Alpha07.00_Beta02.00.npz
  skip (cached): 73__Mach02.00_Alpha00.00_Beta00.00.npz
  skip (cached): 73__Mach07.00_Alpha00.00_Beta00.00.npz
  skip (cached): 73__Mach07.00_Alpha00.00_Beta02.00.npz
  skip (cached): 73__Mach07.00_Alpha07.00_Beta00.00.npz
  skip (cached): 73__Mach07.00_Alpha07.00_Beta02.00.npz
  skip (cached): 81__Mach02.00_Alpha00.00_Beta00.00.npz
  skip (cached): 81__Mach07.00_Alpha00.00_Beta00.00.npz
  skip (cached): 81__Mach07.00_Alpha00.00_Beta02.00.npz
  skip (cached): 81__Mach07.00_Alpha07.00_Beta00.00.npz
  skip (cached): 81__Mach07.00_Alpha07.00_Beta02.00.npz
  skip (cached): 82__Mach02.00_Alpha00.00_Beta00.00.npz
  skip (cached): 82__Mach07.00_Alpha00.00_Beta00.00.npz
  skip (cached): 82__Mach07.00_Alpha00.00_Beta02.00.npz
  skip (cached): 82__Mach07.00_Alpha07.00_Beta00.00.npz
  skip (cached): 82__Mach07.00_Alpha07.00_Beta02.00.npz
  skip (cached): 83__Mach02.00_Alpha00.00_Beta00.00.npz
  skip (cached): 83__Mach07.00_Alpha00.00_Beta00.00.npz
  skip (cached): 83__Mach07.00_Alpha00.00_Beta02.00.npz
  skip (cached): 83__Mach07.00_Alpha07.00_Beta00.00.npz
  skip (cached): 83__Mach07.00_Alpha07.00_Beta02.00.npz
  skip (cached): 91__Mach02.00_Alpha00.00_Beta00.00.npz
  skip (cached): 91__Mach07.00_Alpha00.00_Beta00.00.npz
  skip (cached): 91__Mach07.00_Alpha00.00_Beta02.00.npz
  skip (cached): 91__Mach07.00_Alpha07.00_Beta00.00.npz
  skip (cached): 91__Mach07.00_Alpha07.00_Beta02.00.npz
  skip (cached): 92__Mach02.00_Alpha00.00_Beta00.00.npz
  skip (cached): 92__Mach07.00_Alpha00.00_Beta00.00.npz
  skip (cached): 92__Mach07.00_Alpha00.00_Beta02.00.npz
  skip (cached): 92__Mach07.00_Alpha07.00_Beta00.00.npz
  skip (cached): 92__Mach07.00_Alpha07.00_Beta02.00.npz
  skip (cached): 93__Mach02.00_Alpha00.00_Beta00.00.npz
  skip (cached): 93__Mach07.00_Alpha00.00_Beta00.00.npz
  skip (cached): 93__Mach07.00_Alpha00.00_Beta02.00.npz
  skip (cached): 93__Mach07.00_Alpha07.00_Beta00.00.npz
  skip (cached): 93__Mach07.00_Alpha07.00_Beta02.00.npz
Wrote split: 120 train / 30 test cases (test geoms: ['12', '2', '32', '33', '71', '83'])
Namespace(save_dir='/scratch/plens/FRML/data/aircraft_cache', gpu=0, lr=0.001, epochs=200, weight_decay=1e-05, max_grad_norm=0.1, val_iter=10, n_hidden=256, n_layers=8, n_heads=8, mlp_ratio=2, slice_num=32, dropout=0.0, eval=0, resume=1, save_name='aircraft_Transolver')
values_mean: [0.04865399 1.3354117  5.6576457  0.2406335  0.06221291 1.6913599 ] values_std: [0.10255128 0.8907666  1.9557025  0.5343028  0.7256369  2.190878  ]
Total Trainable Params: 3862342
Resuming from ./checkpoints/aircraft_Transolver.pt at epoch 168
Training: 120 train / 30 val cases, epochs 168..199
Epoch  168  train_relL2 0.05501
Epoch  169  train_relL2 0.05467
Epoch  170  train_relL2 0.05402  val_relL2 0.09867  [Cp:0.1288  Rho:0.1563  U:0.0408  V:0.2169  W:0.1681  Pressure:0.0981]
Epoch  171  train_relL2 0.05360
Epoch  172  train_relL2 0.05348
Epoch  173  train_relL2 0.05278
Epoch  174  train_relL2 0.05229
Epoch  175  train_relL2 0.05187
Epoch  176  train_relL2 0.05161
Epoch  177  train_relL2 0.05094
Epoch  178  train_relL2 0.05057
Epoch  179  train_relL2 0.05030
Epoch  180  train_relL2 0.05002  val_relL2 0.09810  [Cp:0.1279  Rho:0.1530  U:0.0400  V:0.2162  W:0.1658  Pressure:0.0979]
Epoch  181  train_relL2 0.04987
Epoch  182  train_relL2 0.04958
Epoch  183  train_relL2 0.04932
Epoch  184  train_relL2 0.04915
Epoch  185  train_relL2 0.04896
Epoch  186  train_relL2 0.04880
Epoch  187  train_relL2 0.04864
Epoch  188  train_relL2 0.04852
Epoch  189  train_relL2 0.04840
Epoch  190  train_relL2 0.04832  val_relL2 0.09823  [Cp:0.1280  Rho:0.1537  U:0.0396  V:0.2167  W:0.1662  Pressure:0.0982]
Epoch  191  train_relL2 0.04825
Epoch  192  train_relL2 0.04818
Epoch  193  train_relL2 0.04813
Epoch  194  train_relL2 0.04808
Epoch  195  train_relL2 0.04805
Epoch  196  train_relL2 0.04802
Epoch  197  train_relL2 0.04801
Epoch  198  train_relL2 0.04799
Epoch  199  train_relL2 0.04799  val_relL2 0.09807  [Cp:0.1279  Rho:0.1530  U:0.0397  V:0.2166  W:0.1661  Pressure:0.0977]
Done in 7625.7s. Saved -> ./checkpoints/aircraft_Transolver.pt
Done. Checkpoint: ./checkpoints/aircraft_Transolver.pt
