torch 2.12.0+cu130 cuda True NVIDIA A100 80GB PCIe
Found 30 geometries under /scratch/plens/FRML/data/aircraft
  parsing 1/Mach02.00_Alpha00.00_Beta00.00 ...
  parsing 1/Mach07.00_Alpha00.00_Beta00.00 ...
  parsing 1/Mach07.00_Alpha00.00_Beta02.00 ...
  parsing 1/Mach07.00_Alpha07.00_Beta00.00 ...
  parsing 1/Mach07.00_Alpha07.00_Beta02.00 ...
  parsing 11/Mach02.00_Alpha00.00_Beta00.00 ...
  parsing 11/Mach07.00_Alpha00.00_Beta00.00 ...
  parsing 11/Mach07.00_Alpha00.00_Beta02.00 ...
  parsing 11/Mach07.00_Alpha07.00_Beta00.00 ...
  parsing 11/Mach07.00_Alpha07.00_Beta02.00 ...
  parsing 12/Mach02.00_Alpha00.00_Beta00.00 ...
  parsing 12/Mach07.00_Alpha00.00_Beta00.00 ...
  parsing 12/Mach07.00_Alpha00.00_Beta02.00 ...
  parsing 12/Mach07.00_Alpha07.00_Beta00.00 ...
  parsing 12/Mach07.00_Alpha07.00_Beta02.00 ...
  parsing 13/Mach02.00_Alpha00.00_Beta00.00 ...
  parsing 13/Mach07.00_Alpha00.00_Beta00.00 ...
  parsing 13/Mach07.00_Alpha00.00_Beta02.00 ...
  parsing 13/Mach07.00_Alpha07.00_Beta00.00 ...
  parsing 13/Mach07.00_Alpha07.00_Beta02.00 ...
  parsing 2/Mach02.00_Alpha00.00_Beta00.00 ...
  parsing 2/Mach07.00_Alpha00.00_Beta00.00 ...
  parsing 2/Mach07.00_Alpha00.00_Beta02.00 ...
  parsing 2/Mach07.00_Alpha07.00_Beta00.00 ...
  parsing 2/Mach07.00_Alpha07.00_Beta02.00 ...
  parsing 21/Mach02.00_Alpha00.00_Beta00.00 ...
  parsing 21/Mach07.00_Alpha00.00_Beta00.00 ...
  parsing 21/Mach07.00_Alpha00.00_Beta02.00 ...
  parsing 21/Mach07.00_Alpha07.00_Beta00.00 ...
  parsing 21/Mach07.00_Alpha07.00_Beta02.00 ...
  parsing 22/Mach02.00_Alpha00.00_Beta00.00 ...
  parsing 22/Mach07.00_Alpha00.00_Beta00.00 ...
  parsing 22/Mach07.00_Alpha00.00_Beta02.00 ...
  parsing 22/Mach07.00_Alpha07.00_Beta00.00 ...
  parsing 22/Mach07.00_Alpha07.00_Beta02.00 ...
  parsing 23/Mach02.00_Alpha00.00_Beta00.00 ...
  parsing 23/Mach07.00_Alpha00.00_Beta00.00 ...
  parsing 23/Mach07.00_Alpha00.00_Beta02.00 ...
  parsing 23/Mach07.00_Alpha07.00_Beta00.00 ...
  parsing 23/Mach07.00_Alpha07.00_Beta02.00 ...
  parsing 3/Mach02.00_Alpha00.00_Beta00.00 ...
  parsing 3/Mach07.00_Alpha00.00_Beta00.00 ...
  parsing 3/Mach07.00_Alpha00.00_Beta02.00 ...
  parsing 3/Mach07.00_Alpha07.00_Beta00.00 ...
  parsing 3/Mach07.00_Alpha07.00_Beta02.00 ...
  parsing 31/Mach02.00_Alpha00.00_Beta00.00 ...
  parsing 31/Mach07.00_Alpha00.00_Beta00.00 ...
  parsing 31/Mach07.00_Alpha00.00_Beta02.00 ...
  parsing 31/Mach07.00_Alpha07.00_Beta00.00 ...
  parsing 31/Mach07.00_Alpha07.00_Beta02.00 ...
  parsing 32/Mach02.00_Alpha00.00_Beta00.00 ...
  parsing 32/Mach07.00_Alpha00.00_Beta00.00 ...
  parsing 32/Mach07.00_Alpha00.00_Beta02.00 ...
  parsing 32/Mach07.00_Alpha07.00_Beta00.00 ...
  parsing 32/Mach07.00_Alpha07.00_Beta02.00 ...
  parsing 33/Mach02.00_Alpha00.00_Beta00.00 ...
  parsing 33/Mach07.00_Alpha00.00_Beta00.00 ...
  parsing 33/Mach07.00_Alpha00.00_Beta02.00 ...
  parsing 33/Mach07.00_Alpha07.00_Beta00.00 ...
  parsing 33/Mach07.00_Alpha07.00_Beta02.00 ...
  parsing 41/Mach02.00_Alpha00.00_Beta00.00 ...
  parsing 41/Mach07.00_Alpha00.00_Beta00.00 ...
  parsing 41/Mach07.00_Alpha00.00_Beta02.00 ...
  parsing 41/Mach07.00_Alpha07.00_Beta00.00 ...
  parsing 41/Mach07.00_Alpha07.00_Beta02.00 ...
  parsing 42/Mach02.00_Alpha00.00_Beta00.00 ...
  parsing 42/Mach07.00_Alpha00.00_Beta00.00 ...
  parsing 42/Mach07.00_Alpha00.00_Beta02.00 ...
  parsing 42/Mach07.00_Alpha07.00_Beta00.00 ...
  parsing 42/Mach07.00_Alpha07.00_Beta02.00 ...
  parsing 43/Mach02.00_Alpha00.00_Beta00.00 ...
  parsing 43/Mach07.00_Alpha00.00_Beta00.00 ...
  parsing 43/Mach07.00_Alpha00.00_Beta02.00 ...
  parsing 43/Mach07.00_Alpha07.00_Beta00.00 ...
  parsing 43/Mach07.00_Alpha07.00_Beta02.00 ...
  parsing 51/Mach02.00_Alpha00.00_Beta00.00 ...
  parsing 51/Mach07.00_Alpha00.00_Beta00.00 ...
  parsing 51/Mach07.00_Alpha00.00_Beta02.00 ...
  parsing 51/Mach07.00_Alpha07.00_Beta00.00 ...
  parsing 51/Mach07.00_Alpha07.00_Beta02.00 ...
  parsing 52/Mach02.00_Alpha00.00_Beta00.00 ...
  parsing 52/Mach07.00_Alpha00.00_Beta00.00 ...
  parsing 52/Mach07.00_Alpha00.00_Beta02.00 ...
  parsing 52/Mach07.00_Alpha07.00_Beta00.00 ...
  parsing 52/Mach07.00_Alpha07.00_Beta02.00 ...
  parsing 53/Mach02.00_Alpha00.00_Beta00.00 ...
  parsing 53/Mach07.00_Alpha00.00_Beta00.00 ...
  parsing 53/Mach07.00_Alpha00.00_Beta02.00 ...
  parsing 53/Mach07.00_Alpha07.00_Beta00.00 ...
  parsing 53/Mach07.00_Alpha07.00_Beta02.00 ...
  parsing 61/Mach02.00_Alpha00.00_Beta00.00 ...
  parsing 61/Mach07.00_Alpha00.00_Beta00.00 ...
  parsing 61/Mach07.00_Alpha00.00_Beta02.00 ...
  parsing 61/Mach07.00_Alpha07.00_Beta00.00 ...
  parsing 61/Mach07.00_Alpha07.00_Beta02.00 ...
  parsing 62/Mach02.00_Alpha00.00_Beta00.00 ...
  parsing 62/Mach07.00_Alpha00.00_Beta00.00 ...
  parsing 62/Mach07.00_Alpha00.00_Beta02.00 ...
  parsing 62/Mach07.00_Alpha07.00_Beta00.00 ...
  parsing 62/Mach07.00_Alpha07.00_Beta02.00 ...
  parsing 63/Mach02.00_Alpha00.00_Beta00.00 ...
  parsing 63/Mach07.00_Alpha00.00_Beta00.00 ...
  parsing 63/Mach07.00_Alpha00.00_Beta02.00 ...
  parsing 63/Mach07.00_Alpha07.00_Beta00.00 ...
  parsing 63/Mach07.00_Alpha07.00_Beta02.00 ...
  parsing 71/Mach02.00_Alpha00.00_Beta00.00 ...
  parsing 71/Mach07.00_Alpha00.00_Beta00.00 ...
  parsing 71/Mach07.00_Alpha00.00_Beta02.00 ...
  parsing 71/Mach07.00_Alpha07.00_Beta00.00 ...
  parsing 71/Mach07.00_Alpha07.00_Beta02.00 ...
  parsing 72/Mach02.00_Alpha00.00_Beta00.00 ...
  parsing 72/Mach07.00_Alpha00.00_Beta00.00 ...
  parsing 72/Mach07.00_Alpha00.00_Beta02.00 ...
  parsing 72/Mach07.00_Alpha07.00_Beta00.00 ...
  parsing 72/Mach07.00_Alpha07.00_Beta02.00 ...
  parsing 73/Mach02.00_Alpha00.00_Beta00.00 ...
  parsing 73/Mach07.00_Alpha00.00_Beta00.00 ...
  parsing 73/Mach07.00_Alpha00.00_Beta02.00 ...
  parsing 73/Mach07.00_Alpha07.00_Beta00.00 ...
  parsing 73/Mach07.00_Alpha07.00_Beta02.00 ...
  parsing 81/Mach02.00_Alpha00.00_Beta00.00 ...
  parsing 81/Mach07.00_Alpha00.00_Beta00.00 ...
  parsing 81/Mach07.00_Alpha00.00_Beta02.00 ...
  parsing 81/Mach07.00_Alpha07.00_Beta00.00 ...
  parsing 81/Mach07.00_Alpha07.00_Beta02.00 ...
  parsing 82/Mach02.00_Alpha00.00_Beta00.00 ...
  parsing 82/Mach07.00_Alpha00.00_Beta00.00 ...
  parsing 82/Mach07.00_Alpha00.00_Beta02.00 ...
  parsing 82/Mach07.00_Alpha07.00_Beta00.00 ...
  parsing 82/Mach07.00_Alpha07.00_Beta02.00 ...
  parsing 83/Mach02.00_Alpha00.00_Beta00.00 ...
  parsing 83/Mach07.00_Alpha00.00_Beta00.00 ...
  parsing 83/Mach07.00_Alpha00.00_Beta02.00 ...
  parsing 83/Mach07.00_Alpha07.00_Beta00.00 ...
  parsing 83/Mach07.00_Alpha07.00_Beta02.00 ...
  parsing 91/Mach02.00_Alpha00.00_Beta00.00 ...
  parsing 91/Mach07.00_Alpha00.00_Beta00.00 ...
  parsing 91/Mach07.00_Alpha00.00_Beta02.00 ...
  parsing 91/Mach07.00_Alpha07.00_Beta00.00 ...
  parsing 91/Mach07.00_Alpha07.00_Beta02.00 ...
  parsing 92/Mach02.00_Alpha00.00_Beta00.00 ...
  parsing 92/Mach07.00_Alpha00.00_Beta00.00 ...
  parsing 92/Mach07.00_Alpha00.00_Beta02.00 ...
  parsing 92/Mach07.00_Alpha07.00_Beta00.00 ...
  parsing 92/Mach07.00_Alpha07.00_Beta02.00 ...
  parsing 93/Mach02.00_Alpha00.00_Beta00.00 ...
  parsing 93/Mach07.00_Alpha00.00_Beta00.00 ...
  parsing 93/Mach07.00_Alpha00.00_Beta02.00 ...
  parsing 93/Mach07.00_Alpha07.00_Beta00.00 ...
  parsing 93/Mach07.00_Alpha07.00_Beta02.00 ...
Wrote split: 120 train / 30 test cases (test geoms: ['12', '2', '32', '33', '71', '83'])
Namespace(save_dir='/scratch/plens/FRML/data/aircraft_cache', gpu=0, lr=0.001, epochs=200, weight_decay=1e-05, max_grad_norm=0.1, val_iter=10, n_hidden=256, n_layers=8, n_heads=8, mlp_ratio=2, slice_num=32, dropout=0.0, eval=0, resume=1, save_name='aircraft_Transolver')
Computing normalization coefficients over training split...
values_mean: [0.04865399 1.3354117  5.6576457  0.2406335  0.06221291 1.6913599 ] values_std: [0.10255128 0.8907666  1.9557025  0.5343028  0.7256369  2.190878  ]
Total Trainable Params: 3862342
Training: 120 train / 30 val cases, epochs 0..199
Epoch    0  train_relL2 0.71166  val_relL2 0.56618  [Cp:0.7387  Rho:0.5749  U:0.3241  V:0.6597  W:0.4477  Pressure:0.7029]
Epoch    1  train_relL2 0.55182
Epoch    2  train_relL2 0.49197
Epoch    3  train_relL2 0.44515
Epoch    4  train_relL2 0.41109
Epoch    5  train_relL2 0.39001
Epoch    6  train_relL2 0.37669
Epoch    7  train_relL2 0.36400
Epoch    8  train_relL2 0.35611
Epoch    9  train_relL2 0.34900
Epoch   10  train_relL2 0.33369  val_relL2 0.31400  [Cp:0.4672  Rho:0.3955  U:0.1566  V:0.3891  W:0.3309  Pressure:0.4072]
Epoch   11  train_relL2 0.33369
Epoch   12  train_relL2 0.31960
Epoch   13  train_relL2 0.34448
Epoch   14  train_relL2 0.35184
Epoch   15  train_relL2 0.34242
Epoch   16  train_relL2 0.33158
Epoch   17  train_relL2 0.31393
Epoch   18  train_relL2 0.30119
Epoch   19  train_relL2 0.31073
Epoch   20  train_relL2 0.33229  val_relL2 0.26384  [Cp:0.3509  Rho:0.4053  U:0.1699  V:0.4027  W:0.3593  Pressure:0.3691]
Epoch   21  train_relL2 0.30279
Epoch   22  train_relL2 0.29197
Epoch   23  train_relL2 0.31657
Epoch   24  train_relL2 0.29749
Epoch   25  train_relL2 0.29619
Epoch   26  train_relL2 0.29043
Epoch   27  train_relL2 0.28910
Epoch   28  train_relL2 0.28851
Epoch   29  train_relL2 0.27282
Epoch   30  train_relL2 0.28875  val_relL2 0.24760  [Cp:0.3299  Rho:0.3273  U:0.1599  V:0.3878  W:0.3630  Pressure:0.2990]
Epoch   31  train_relL2 0.26711
Epoch   32  train_relL2 0.26866
Epoch   33  train_relL2 0.27112
Epoch   34  train_relL2 0.26984
Epoch   35  train_relL2 0.27076
Epoch   36  train_relL2 0.25996
Epoch   37  train_relL2 0.26109
Epoch   38  train_relL2 0.26918
Epoch   39  train_relL2 0.24702
Epoch   40  train_relL2 0.25269  val_relL2 0.21302  [Cp:0.2605  Rho:0.2853  U:0.1547  V:0.3530  W:0.2944  Pressure:0.2282]
Epoch   41  train_relL2 0.24522
Epoch   42  train_relL2 0.25040
Epoch   43  train_relL2 0.24845
Epoch   44  train_relL2 0.24719
Epoch   45  train_relL2 0.25660
Epoch   46  train_relL2 0.23934
Epoch   47  train_relL2 0.23921
Epoch   48  train_relL2 0.24092
Epoch   49  train_relL2 0.23562
Epoch   50  train_relL2 0.23717  val_relL2 0.19856  [Cp:0.2514  Rho:0.2982  U:0.1083  V:0.4102  W:0.2887  Pressure:0.2185]
Epoch   51  train_relL2 0.22989
Epoch   52  train_relL2 0.22400
Epoch   53  train_relL2 0.22565
Epoch   54  train_relL2 0.22511
Epoch   55  train_relL2 0.20984
Epoch   56  train_relL2 0.21889
Epoch   57  train_relL2 0.22293
Epoch   58  train_relL2 0.20857
Epoch   59  train_relL2 0.21682
Epoch   60  train_relL2 0.20928  val_relL2 0.18281  [Cp:0.2369  Rho:0.2538  U:0.1099  V:0.3152  W:0.3275  Pressure:0.1904]
Epoch   61  train_relL2 0.20742
Epoch   62  train_relL2 0.21134
Epoch   63  train_relL2 0.20318
Epoch   64  train_relL2 0.20908
Epoch   65  train_relL2 0.20469
Epoch   66  train_relL2 0.20898
Epoch   67  train_relL2 0.19434
Epoch   68  train_relL2 0.19498
Epoch   69  train_relL2 0.18785
Epoch   70  train_relL2 0.18970  val_relL2 0.19692  [Cp:0.2540  Rho:0.2662  U:0.1075  V:0.3249  W:0.2965  Pressure:0.2551]
Epoch   71  train_relL2 0.18394
Epoch   72  train_relL2 0.18081
Epoch   73  train_relL2 0.17570
Epoch   74  train_relL2 0.18648
Epoch   75  train_relL2 0.17889
Epoch   76  train_relL2 0.17885
Epoch   77  train_relL2 0.18137
Epoch   78  train_relL2 0.17220
Epoch   79  train_relL2 0.17496
Epoch   80  train_relL2 0.16403  val_relL2 0.16410  [Cp:0.2203  Rho:0.2582  U:0.0743  V:0.2761  W:0.2485  Pressure:0.1763]
Epoch   81  train_relL2 0.16479
Epoch   82  train_relL2 0.16447
Epoch   83  train_relL2 0.15992
Epoch   84  train_relL2 0.15632
Epoch   85  train_relL2 0.16009
Epoch   86  train_relL2 0.15231
Epoch   87  train_relL2 0.15218
Epoch   88  train_relL2 0.14824
Epoch   89  train_relL2 0.14652
Epoch   90  train_relL2 0.13924  val_relL2 0.14267  [Cp:0.1971  Rho:0.1905  U:0.0601  V:0.2941  W:0.2060  Pressure:0.1593]
Epoch   91  train_relL2 0.14247
Epoch   92  train_relL2 0.14137
Epoch   93  train_relL2 0.14699
Epoch   94  train_relL2 0.14337
Epoch   95  train_relL2 0.13722
Epoch   96  train_relL2 0.13979
Epoch   97  train_relL2 0.13491
Epoch   98  train_relL2 0.13892
Epoch   99  train_relL2 0.13111
Epoch  100  train_relL2 0.13003  val_relL2 0.11949  [Cp:0.1708  Rho:0.1763  U:0.0574  V:0.2369  W:0.2010  Pressure:0.1280]
Epoch  101  train_relL2 0.13371
Epoch  102  train_relL2 0.13275
Epoch  103  train_relL2 0.12478
Epoch  104  train_relL2 0.12012
Epoch  105  train_relL2 0.12378
Epoch  106  train_relL2 0.12264
Epoch  107  train_relL2 0.12322
Epoch  108  train_relL2 0.11789
Epoch  109  train_relL2 0.11354
Epoch  110  train_relL2 0.11039  val_relL2 0.11998  [Cp:0.1680  Rho:0.1841  U:0.0565  V:0.2278  W:0.1913  Pressure:0.1262]
Epoch  111  train_relL2 0.11409
Epoch  112  train_relL2 0.11222
Epoch  113  train_relL2 0.11470
Epoch  114  train_relL2 0.11005
Epoch  115  train_relL2 0.10514
Epoch  116  train_relL2 0.10393
Epoch  117  train_relL2 0.10415
Epoch  118  train_relL2 0.10239
Epoch  119  train_relL2 0.10418
Epoch  120  train_relL2 0.10030  val_relL2 0.12372  [Cp:0.1604  Rho:0.1908  U:0.0511  V:0.2414  W:0.1820  Pressure:0.1362]
Epoch  121  train_relL2 0.09703
Epoch  122  train_relL2 0.09881
Epoch  123  train_relL2 0.10101
Epoch  124  train_relL2 0.10330
Epoch  125  train_relL2 0.09661
Epoch  126  train_relL2 0.09459
Epoch  127  train_relL2 0.09224
Epoch  128  train_relL2 0.09007
Epoch  129  train_relL2 0.08967
Epoch  130  train_relL2 0.08755  val_relL2 0.09621  [Cp:0.1308  Rho:0.1473  U:0.0452  V:0.2212  W:0.1767  Pressure:0.0957]
Epoch  131  train_relL2 0.08809
Epoch  132  train_relL2 0.08644
Epoch  133  train_relL2 0.08598
Epoch  134  train_relL2 0.08689
Epoch  135  train_relL2 0.08324
Epoch  136  train_relL2 0.08207
Epoch  137  train_relL2 0.08030
Epoch  138  train_relL2 0.08072
Epoch  139  train_relL2 0.07878
Epoch  140  train_relL2 0.07819  val_relL2 0.10085  [Cp:0.1336  Rho:0.1611  U:0.0452  V:0.2224  W:0.1759  Pressure:0.1080]
Epoch  141  train_relL2 0.07919
Epoch  142  train_relL2 0.07623
Epoch  143  train_relL2 0.07298
Epoch  144  train_relL2 0.07411
Epoch  145  train_relL2 0.07219
Epoch  146  train_relL2 0.07181
Epoch  147  train_relL2 0.07082
Epoch  148  train_relL2 0.07095
Epoch  149  train_relL2 0.06785
Epoch  150  train_relL2 0.06788  val_relL2 0.10538  [Cp:0.1386  Rho:0.1583  U:0.0445  V:0.2077  W:0.1663  Pressure:0.1145]
Epoch  151  train_relL2 0.06816
Epoch  152  train_relL2 0.06633
Epoch  153  train_relL2 0.06541
Epoch  154  train_relL2 0.06538
Epoch  155  train_relL2 0.06371
Epoch  156  train_relL2 0.06397
Epoch  157  train_relL2 0.06225
Epoch  158  train_relL2 0.06206
Epoch  159  train_relL2 0.06159
Epoch  160  train_relL2 0.06104  val_relL2 0.09831  [Cp:0.1292  Rho:0.1547  U:0.0412  V:0.2137  W:0.1691  Pressure:0.0990]
Epoch  161  train_relL2 0.05898
Epoch  162  train_relL2 0.05805
Epoch  163  train_relL2 0.05829
Epoch  164  train_relL2 0.05726
Epoch  165  train_relL2 0.05710
Epoch  166  train_relL2 0.05632
Epoch  167  train_relL2 0.05610
